<?xml version="1.0" encoding="UTF-8"?>
<!-- Generated by org.testng.reporters.JUnitReportReporter -->
<testsuite hostname="DESKTOP-1EKAV2N" failures="0" tests="2" name="com.tests.LoginTest" time="34.613" errors="0" timestamp="2021-06-27T00:20:14 IST" skipped="0">
  <testcase classname="com.tests.LoginTest" name="yatraTitleTest" time="19.110"/>
  <system-out/>
  <testcase classname="com.tests.LoginTest" name="yatraLogoTest" time="15.503"/>
  <system-out/>
</testsuite> <!-- com.tests.LoginTest -->
