<?xml version="1.0" encoding="UTF-8"?>
<!-- Generated by org.testng.reporters.JUnitReportReporter -->
<testsuite hostname="DESKTOP-1EKAV2N" failures="0" tests="2" name="com.tests.LoginTest" time="86.761" errors="0" timestamp="2021-06-27T00:01:53 IST" skipped="0">
  <testcase classname="com.tests.LoginTest" name="yatraTitleTest" time="43.021"/>
  <system-out/>
  <testcase classname="com.tests.LoginTest" name="yatraLogoTest" time="43.740"/>
  <system-out/>
</testsuite> <!-- com.tests.LoginTest -->
